Godot Engine v4.6.stable.official.89cea1439 - https://godotengine.org

[   0% ] [90m[1mfirst_scan_filesystem[22m | Started Inicialización del proyecto (5 steps)[39m[0m
[   0% ] [90m[1mfirst_scan_filesystem[22m | Escaneando la estructura del archivo...[39m[0m
[  16% ] [90m[1mfirst_scan_filesystem[22m | Cargando nombres de clases globales...[39m[0m
[  33% ] [90m[1mfirst_scan_filesystem[22m | Verificando GDExtensions...[39m[0m
[  50% ] [90m[1mfirst_scan_filesystem[22m | Creando scripts de carga automática...[39m[0m
[  66% ] [90m[1mfirst_scan_filesystem[22m | Inicializando plugins...[39m[0m
[  83% ] [90m[1mfirst_scan_filesystem[22m | Iniciando escaneo de archivos...[39m[0m
[92m[ DONE ][39m [1mfirst_scan_filesystem[22m
[0m
[   0% ] [90m[1mupdate_scripts_classes[22m | Started Registrando clases globales... (8 steps)[39m[0m
[   0% ] [90m[1mupdate_scripts_classes[22m | [39m[0m
[  11% ] [90m[1mupdate_scripts_classes[22m | [39m[0m
[  22% ] [90m[1mupdate_scripts_classes[22m | [39m[0m
[  33% ] [90m[1mupdate_scripts_classes[22m | MapRenderer[39m[0m
[  44% ] [90m[1mupdate_scripts_classes[22m | [39m[0m
[  55% ] [90m[1mupdate_scripts_classes[22m | MainMenu[39m[0m
[  66% ] [90m[1mupdate_scripts_classes[22m | NationSelectScreen[39m[0m
[  77% ] [90m[1mupdate_scripts_classes[22m | TopInfoBar[39m[0m
[92m[ DONE ][39m [1mupdate_scripts_classes[22m
[0m
[   0% ] [90m[1mloading_editor_layout[22m | Started Cargando editor (5 steps)[39m[0m
[   0% ] [90m[1mloading_editor_layout[22m | Cargando diseño del editor...[39m[0m
[  16% ] [90m[1mloading_editor_layout[22m | Cargando docks...[39m[0m
[  33% ] [90m[1mloading_editor_layout[22m | Reabriendo escenas...[39m[0m
Godot_v4.6-stable_win64_console.exe : WARNING: res://scenes/WorldMap.tscn:3 - ext_resource, invalid UID: 
uid://c6uhgynax25qv - using text path instead: res://scripts/map/MapRenderer.gd
En línea: 1 Carácter: 202
+ ... a-version"; & "C:\Users\Diego y Pauli\Desktop\proyecto\godot\Godot_v4 ...
+                 ~~~~~~~~~~~~~~~~~~~~~~~~~~~~~~~~~~~~~~~~~~~~~~~~~~~~~~~~~
    + CategoryInfo          : NotSpecified: (WARNING: res://.../MapRenderer.gd:String) [], RemoteException
    + FullyQualifiedErrorId : NativeCommandError
 
   at: load (scene/resources/resource_format_text.cpp:500)
[  50% ] [90m[1mloading_editor_layout[22m | Cargando el diseño del editor central...[39m[0m
[  66% ] [90m[1mloading_editor_layout[22m | Cargando Layout de la ventana del plugin...[39m[0m
[  83% ] [90m[1mloading_editor_layout[22m | Diseño del editor listo.[39m[0m
[92m[ DONE ][39m [1mloading_editor_layout[22m
[0m
WARNING: ObjectDB instances leaked at exit (run with --verbose for details).
   at: cleanup (core/object/object.cpp:2641)
ERROR: 38 resources still in use at exit (run with --verbose for details).
   at: clear (core/io/resource.cpp:810)
