Godot Engine v4.6.stable.official.89cea1439 - https://godotengine.org

Godot_v4.6-stable_win64_console.exe : SCRIPT ERROR: Parse Error: Class "EventManager" hides an autoload singleton.
En línea: 1 Carácter: 202
+ ... a-version"; & "C:\Users\Diego y Pauli\Desktop\proyecto\godot\Godot_v4 ...
+                 ~~~~~~~~~~~~~~~~~~~~~~~~~~~~~~~~~~~~~~~~~~~~~~~~~~~~~~~~~
    + CategoryInfo          : NotSpecified: (SCRIPT ERROR: P...load singleton.:String) [], RemoteException
    + FullyQualifiedErrorId : NativeCommandError
 
   at: GDScript::reload (res://scripts/events/EventManager.gd:1)
SCRIPT ERROR: Parse Error: Class "AIManager" hides an autoload singleton.
   at: GDScript::reload (res://scripts/ai/AIManager.gd:1)
SCRIPT ERROR: Compile Error: Failed to compile depended scripts.
   at: GDScript::reload (res://scripts/autoload/SaveLoadManager.gd:0)
SCRIPT ERROR: Compile Error: Failed to compile depended scripts.
   at: GDScript::reload (res://scripts/national/NationalIncomeManager.gd:0)
ERROR: Failed to load script "res://scripts/national/NationalIncomeManager.gd" with error "Compilation failed".
   at: load (modules/gdscript/gdscript.cpp:2907)
ERROR: Failed to instantiate an autoload, script 'res://scripts/events/EventManager.gd' does not inherit from 'Node'.
   at: start (main/main.cpp:4407)
ERROR: Failed to instantiate an autoload, script 'res://scripts/ai/AIManager.gd' does not inherit from 'Node'.
   at: start (main/main.cpp:4407)
WARNING: res://scenes/WorldMap.tscn:3 - ext_resource, invalid UID: uid://c6uhgynax25qv - using text path instead: 
res://scripts/map/MapRenderer.gd
   at: load (scene/resources/resource_format_text.cpp:500)
WARNING: res://scenes/TestScenario.tscn:8 - ext_resource, invalid UID: uid://battleresultpopup1879 - using text path 
instead: res://scenes/ui/BattleResultPopup.tscn
   at: load (scene/resources/resource_format_text.cpp:500)
SCRIPT ERROR: Parse Error: The variable type is being inferred from a Variant value, so it will be typed as Variant. 
(Warning treated as error.)
   at: GDScript::reload (res://scripts/ui/BattleResultPopup.gd:42)
SCRIPT ERROR: Parse Error: The variable type is being inferred from a Variant value, so it will be typed as Variant. 
(Warning treated as error.)
   at: GDScript::reload (res://scripts/ui/BattleResultPopup.gd:43)
ERROR: Failed to load script "res://scripts/ui/BattleResultPopup.gd" with error "Parse error".
   at: load (modules/gdscript/gdscript.cpp:2907)
WARNING: res://scenes/TestScenario.tscn:9 - ext_resource, invalid UID: uid://victoryscreen1879 - using text path 
instead: res://scenes/ui/VictoryScreen.tscn
   at: load (scene/resources/resource_format_text.cpp:500)
SCRIPT ERROR: Parse Error: The variable type is being inferred from a Variant value, so it will be typed as Variant. 
(Warning treated as error.)
   at: GDScript::reload (res://scripts/ui/VictoryScreen.gd:24)
ERROR: Failed to load script "res://scripts/ui/VictoryScreen.gd" with error "Parse error".
   at: load (modules/gdscript/gdscript.cpp:2907)
✅ Equipment modules loaded: 1082
✅ Unit templates loaded: 1031
✅ Sustainment equipment loaded: 4
✅ Production line rules loaded
Loaded 68 leaders (25 in pool) from [res://data/leaders/historical_leaders_1936.json] for year 1936
TimeManager: Initialized (default 1936-01-01)
AgentManager: Loaded 11 mission definitions
TechnologyManager: Loaded 23 technology nodes
SaveLoadManager: Initialized (JSON format v1, user://saves/)
[OK] Province geometry loaded: 107
[OK] Base provinces loaded: 847 provinces
✅ Camera2D activated
MapRenderer _ready() completed
SCRIPT ERROR: Invalid access to property or key 'theme_override_colors' on a base object of type 'Label'.
   at: TopInfoBar._update_war_status (res://scripts/ui/TopInfoBar.gd:274)
   GDScript backtrace (most recent call first):
       [0] _update_war_status (res://scripts/ui/TopInfoBar.gd:274)
       [1] _ready (res://scripts/ui/TopInfoBar.gd:66)
=== Epochs of Ascendancy Test Starting ===
No hay nación seleccionada — abriendo pantalla de selección.
SaveLoadManager: Autosaved on exit/quit -> autosave.json
WARNING: ObjectDB instances leaked at exit (run with --verbose for details).
   at: cleanup (core/object/object.cpp:2641)
ERROR: 39 resources still in use at exit (run with --verbose for details).
   at: clear (core/io/resource.cpp:810)
